warning: `if`/`else` chain — prefer `match` for exhaustive case analysis
  --> $DIR/no_if_else.rs:2:5
   |
LL | /     if n < 0 {
LL | |         "negative"
LL | |     } else if n == 0 {
LL | |         "zero"
LL | |     } else {
LL | |         "positive"
LL | |     }
   | |_____^
   |
   = note: `#[warn(no_if_else)]` on by default

warning: `if`/`else` chain — prefer `match` for exhaustive case analysis
  --> $DIR/no_if_else.rs:4:12
   |
LL |       } else if n == 0 {
   |  ____________^
LL | |         "zero"
LL | |     } else {
LL | |         "positive"
LL | |     }
   | |_____^

warning: 2 warnings emitted

